<?xml version="1.0" encoding="UTF-8"?>
<!-- Generated by org.testng.reporters.JUnitReportReporter -->
<testsuite hostname="DESKTOP-Q4TLVFB" failures="0" tests="3" name="Sep24_Testng_excel.Testcases" time="27.400" errors="0" timestamp="2021-09-28T19:00:59 IST" skipped="0">
  <testcase classname="Sep24_Testng_excel.Testcases" name="testcase001" time="8.652"/>
  <system-out/>
  <testcase classname="Sep24_Testng_excel.Testcases" name="testcase003" time="10.143"/>
  <system-out/>
  <testcase classname="Sep24_Testng_excel.Testcases" name="testcase002" time="8.605"/>
  <system-out/>
</testsuite> <!-- Sep24_Testng_excel.Testcases -->
