<?xml version="1.0" encoding="UTF-8"?>
<!-- Generated by org.testng.reporters.JUnitReportReporter -->
<testsuite hostname="DESKTOP-Q4TLVFB" failures="0" tests="1" name="oct4_ExtentReporting.TestReporting" time="15.735" errors="0" timestamp="2021-10-04T15:39:57 IST" skipped="0">
  <testcase classname="oct4_ExtentReporting.TestReporting" name="f" time="15.735"/>
  <system-out/>
</testsuite> <!-- oct4_ExtentReporting.TestReporting -->
