<?xml version="1.0" encoding="UTF-8"?>
<!-- Generated by org.testng.reporters.JUnitReportReporter -->
<testsuite hostname="DESKTOP-Q4TLVFB" failures="0" tests="3" name="sep25_TestNG_parameters.Dataprovider" time="0.020" errors="0" timestamp="2021-09-27T21:51:46 IST" skipped="0">
  <testcase classname="sep25_TestNG_parameters.Dataprovider" name="f" time="0.002"/>
  <system-out/>
  <testcase classname="sep25_TestNG_parameters.Dataprovider" name="f" time="0.015"/>
  <system-out/>
  <testcase classname="sep25_TestNG_parameters.Dataprovider" name="f" time="0.003"/>
  <system-out/>
</testsuite> <!-- sep25_TestNG_parameters.Dataprovider -->
