<?xml version="1.0" encoding="UTF-8"?>
<!-- Generated by org.testng.reporters.JUnitReportReporter -->
<testsuite hostname="DESKTOP-Q4TLVFB" failures="0" tests="2" name="sep29_Testcases.LoginTestcases" time="30.699" errors="0" timestamp="2021-10-02T21:16:18 IST" skipped="0">
  <testcase classname="sep29_Testcases.LoginTestcases" name="Logintest002" time="10.317"/>
  <system-out/>
  <testcase classname="sep29_Testcases.LoginTestcases" name="Logintest001" time="20.382"/>
  <system-out/>
</testsuite> <!-- sep29_Testcases.LoginTestcases -->
